<?xml version="1.0" encoding="UTF-8"?>
<!-- Generated by org.testng.reporters.JUnitXMLReporter -->
<testsuite hostname="DESKTOP-P2T40Q2" ignored="0" name="Default test" tests="3" failures="0" timestamp="08 Apr 2020 21:38:21 GMT" time="29.765" errors="0">
  <testcase name="clickStudentLoan" time="2.161" classname="com.credible.testCases.StudentLoanTest"/>
  <testcase name="clickBtnIamStudent" time="6.905" classname="com.credible.testCases.StudentLoanTest"/>
  <testcase name="clickSelectDegreeType" time="2.053" classname="com.credible.testCases.StudentLoanTest"/>
</testsuite> <!-- Default test -->
