<?xml version="1.0" encoding="UTF-8"?>
<!-- Generated by org.testng.reporters.JUnitXMLReporter -->
<testsuite hostname="DESKTOP-7MOLBK8" ignored="0" name="Student Loan Education Test" tests="13" failures="0" timestamp="09 Apr 2020 20:00:32 GMT" time="70.494" errors="0">
  <testcase name="clickStudentLoan" time="0.111" classname="com.credible.testCases.StudentLoanEducation"/>
  <testcase name="clickBtnIamStudent" time="3.604" classname="com.credible.testCases.StudentLoanEducation"/>
  <testcase name="clickRadioBtnNoOne" time="0.094" classname="com.credible.testCases.StudentLoanEducation"/>
  <testcase name="clickRadioBtnNoTwo" time="0.084" classname="com.credible.testCases.StudentLoanEducation"/>
  <testcase name="inputDataSchool" time="4.435" classname="com.credible.testCases.StudentLoanEducation"/>
  <testcase name="clickSelectDegreeType" time="3.054" classname="com.credible.testCases.StudentLoanEducation"/>
  <testcase name="clickSelectDegreeTypeBachelor" time="0.049" classname="com.credible.testCases.StudentLoanEducation"/>
  <testcase name="clickCurrentYearOfStudySelect" time="3.605" classname="com.credible.testCases.StudentLoanEducation"/>
  <testcase name="clickSelectCurrentYearOfStudy" time="0.033" classname="com.credible.testCases.StudentLoanEducation"/>
  <testcase name="clickExpectedGraduationCompletionDate" time="3.132" classname="com.credible.testCases.StudentLoanEducation"/>
  <testcase name="setAcademicPeriodOfLoan" time="3.109" classname="com.credible.testCases.StudentLoanEducation"/>
  <testcase name="setRequestedLoanAmount" time="3.194" classname="com.credible.testCases.StudentLoanEducation"/>
  <testcase name="clickContinue" time="3.026" classname="com.credible.testCases.StudentLoanEducation"/>
</testsuite> <!-- Student Loan Education Test -->
