<?xml version="1.0" encoding="UTF-8"?>
<!-- Generated by org.testng.reporters.JUnitXMLReporter -->
<testsuite hostname="DESKTOP-7MOLBK8" ignored="4" name="Student Loan Test" tests="24" failures="0" timestamp="10 Apr 2020 02:15:12 GMT" time="523.685" errors="0">
  <testcase name="clickStudentLoan" time="0.171" classname="com.credible.testCases.StudentLoanEducation"/>
  <testcase name="clickBtnIamStudent" time="4.302" classname="com.credible.testCases.StudentLoanEducation"/>
  <testcase name="clickRadioBtnNoOne" time="0.158" classname="com.credible.testCases.StudentLoanEducation"/>
  <testcase name="clickRadioBtnNoTwo" time="0.143" classname="com.credible.testCases.StudentLoanEducation"/>
  <testcase name="inputDataSchool" time="2.527" classname="com.credible.testCases.StudentLoanEducation"/>
  <testcase name="clickSelectDegreeType" time="0.043" classname="com.credible.testCases.StudentLoanEducation"/>
  <testcase name="clickSelectDegreeTypeBachelor" time="0.051" classname="com.credible.testCases.StudentLoanEducation"/>
  <testcase name="clickCurrentYearOfStudySelect" time="0.127" classname="com.credible.testCases.StudentLoanEducation"/>
  <testcase name="clickSelectCurrentYearOfStudy" time="0.036" classname="com.credible.testCases.StudentLoanEducation"/>
  <testcase name="clickExpectedGraduationCompletionDate" time="0.192" classname="com.credible.testCases.StudentLoanEducation"/>
  <testcase name="setAcademicPeriodOfLoan" time="0.136" classname="com.credible.testCases.StudentLoanEducation"/>
  <testcase name="setRequestedLoanAmount" time="0.201" classname="com.credible.testCases.StudentLoanEducation"/>
  <testcase name="clickContinue" time="0.044" classname="com.credible.testCases.StudentLoanEducation"/>
  <testcase name="setEmploymentIncome" time="0.175" classname="com.credible.testCases.StudentLoanFinancial"/>
  <testcase name="setOtherIndividualIncome" time="0.144" classname="com.credible.testCases.StudentLoanFinancial"/>
  <testcase name="setIncomeFromOtherHouseholdMembers" time="0.124" classname="com.credible.testCases.StudentLoanFinancial"/>
  <testcase name="setMonthlyHousingPayment" time="0.139" classname="com.credible.testCases.StudentLoanFinancial"/>
  <testcase name="clickContinue" time="0.116" classname="com.credible.testCases.StudentLoanFinancial"/>
  <testcase name="setFirstnameLastnameSuffix" time="0.432" classname="com.credible.testCases.StudentLoanProfile"/>
  <testcase name="setDateOfBirth" time="0.163" classname="com.credible.testCases.StudentLoanProfile"/>
  <testcase name="setPrimaryPhoneNumber" time="0.197" classname="com.credible.testCases.StudentLoanProfile"/>
  <testcase name="setPermanentAddress" time="2.131" classname="com.credible.testCases.StudentLoanProfile"/>
  <testcase name="setEmailAddress" time="0.641" classname="com.credible.testCases.StudentLoanProfile"/>
  <testcase name="setPassword" time="0.324" classname="com.credible.testCases.StudentLoanProfile"/>
  <testcase name="@AfterTest AfterTest" time="0.0" classname="com.credible.testCases.TestBase">
    <ignored/>
  </testcase> <!-- @AfterTest AfterTest -->
  <testcase name="@AfterTest AfterTest" time="0.0" classname="com.credible.testCases.TestBase">
    <ignored/>
  </testcase> <!-- @AfterTest AfterTest -->
  <testcase name="@BeforeTest BeforeTest" time="0.0" classname="com.credible.testCases.TestBase">
    <ignored/>
  </testcase> <!-- @BeforeTest BeforeTest -->
  <testcase name="@BeforeTest BeforeTest" time="0.0" classname="com.credible.testCases.TestBase">
    <ignored/>
  </testcase> <!-- @BeforeTest BeforeTest -->
</testsuite> <!-- Student Loan Test -->
