<?xml version="1.0" encoding="UTF-8"?>
<!-- Generated by org.testng.reporters.JUnitXMLReporter -->
<testsuite hostname="DESKTOP-7MOLBK8" ignored="0" name="test" tests="13" failures="0" timestamp="09 Apr 2020 19:55:39 GMT" time="70.207" errors="0">
  <testcase name="clickStudentLoan" time="0.096" classname="com.credible.testCases.StudentLoanEducation"/>
  <testcase name="clickBtnIamStudent" time="3.952" classname="com.credible.testCases.StudentLoanEducation"/>
  <testcase name="clickRadioBtnNoOne" time="0.088" classname="com.credible.testCases.StudentLoanEducation"/>
  <testcase name="clickRadioBtnNoTwo" time="0.09" classname="com.credible.testCases.StudentLoanEducation"/>
  <testcase name="inputDataSchool" time="4.41" classname="com.credible.testCases.StudentLoanEducation"/>
  <testcase name="clickSelectDegreeType" time="3.037" classname="com.credible.testCases.StudentLoanEducation"/>
  <testcase name="clickSelectDegreeTypeBachelor" time="0.034" classname="com.credible.testCases.StudentLoanEducation"/>
  <testcase name="clickCurrentYearOfStudySelect" time="3.607" classname="com.credible.testCases.StudentLoanEducation"/>
  <testcase name="clickSelectCurrentYearOfStudy" time="0.03" classname="com.credible.testCases.StudentLoanEducation"/>
  <testcase name="clickExpectedGraduationCompletionDate" time="3.148" classname="com.credible.testCases.StudentLoanEducation"/>
  <testcase name="setAcademicPeriodOfLoan" time="3.109" classname="com.credible.testCases.StudentLoanEducation"/>
  <testcase name="setRequestedLoanAmount" time="3.167" classname="com.credible.testCases.StudentLoanEducation"/>
  <testcase name="clickContinue" time="3.072" classname="com.credible.testCases.StudentLoanEducation"/>
</testsuite> <!-- test -->
